<?xml version="1.0" encoding="UTF-8"?>
<testsuite name="miniplc0java.MiniVmTest" tests="6" skipped="0" failures="0" errors="0" timestamp="2020-10-25T16:43:52" hostname="WZYdeMacBook-Pro.local" time="0.008">
  <properties/>
  <testcase name="testDiv" classname="miniplc0java.MiniVmTest" time="0.004"/>
  <testcase name="testMinus" classname="miniplc0java.MiniVmTest" time="0.001"/>
  <testcase name="testStore" classname="miniplc0java.MiniVmTest" time="0.001"/>
  <testcase name="testLoad" classname="miniplc0java.MiniVmTest" time="0.0"/>
  <testcase name="testMult" classname="miniplc0java.MiniVmTest" time="0.0"/>
  <testcase name="testPlus" classname="miniplc0java.MiniVmTest" time="0.001"/>
  <system-out><![CDATA[]]></system-out>
  <system-err><![CDATA[]]></system-err>
</testsuite>
